2026-03-03T16:45:07.675+02:00  INFO 16720 --- [PizzaBackend] [main] o.e.p.PizzaBackendApplication            : Starting PizzaBackendApplication using Java 25.0.1 with PID 16720 (/Users/vadym/IdeaProjects/PizzaBackend/build/classes/java/main started by vadym in /Users/vadym/IdeaProjects/PizzaBackend)
2026-03-03T16:45:07.678+02:00 DEBUG 16720 --- [PizzaBackend] [main] o.e.p.PizzaBackendApplication            : Running with Spring Boot v4.0.0, Spring v7.0.1
2026-03-03T16:45:07.678+02:00  INFO 16720 --- [PizzaBackend] [main] o.e.p.PizzaBackendApplication            : No active profile set, falling back to 1 default profile: "default"
2026-03-03T16:45:08.022+02:00  INFO 16720 --- [PizzaBackend] [main] .s.d.r.c.RepositoryConfigurationDelegate : Bootstrapping Spring Data JPA repositories in DEFAULT mode.
2026-03-03T16:45:08.053+02:00  INFO 16720 --- [PizzaBackend] [main] .s.d.r.c.RepositoryConfigurationDelegate : Finished Spring Data repository scanning in 27 ms. Found 3 JPA repository interfaces.
2026-03-03T16:45:08.328+02:00  INFO 16720 --- [PizzaBackend] [main] o.s.boot.tomcat.TomcatWebServer          : Tomcat initialized with port 8080 (http)
2026-03-03T16:45:08.336+02:00  INFO 16720 --- [PizzaBackend] [main] o.apache.catalina.core.StandardService   : Starting service [Tomcat]
2026-03-03T16:45:08.336+02:00  INFO 16720 --- [PizzaBackend] [main] o.apache.catalina.core.StandardEngine    : Starting Servlet engine: [Apache Tomcat/11.0.14]
2026-03-03T16:45:08.357+02:00  INFO 16720 --- [PizzaBackend] [main] b.w.c.s.WebApplicationContextInitializer : Root WebApplicationContext: initialization completed in 658 ms
2026-03-03T16:45:08.440+02:00  INFO 16720 --- [PizzaBackend] [main] o.hibernate.jpa.internal.util.LogHelper  : HHH000204: Processing PersistenceUnitInfo [name: default]
2026-03-03T16:45:08.471+02:00  INFO 16720 --- [PizzaBackend] [main] org.hibernate.Version                    : HHH000412: Hibernate ORM core version 7.1.8.Final
2026-03-03T16:45:08.710+02:00  INFO 16720 --- [PizzaBackend] [main] o.s.o.j.p.SpringPersistenceUnitInfo      : No LoadTimeWeaver setup: ignoring JPA class transformer
2026-03-03T16:45:08.730+02:00  INFO 16720 --- [PizzaBackend] [main] com.zaxxer.hikari.HikariDataSource       : HikariPool-1 - Starting...
2026-03-03T16:45:08.928+02:00  INFO 16720 --- [PizzaBackend] [main] com.zaxxer.hikari.pool.HikariPool        : HikariPool-1 - Added connection com.mysql.cj.jdbc.ConnectionImpl@46b2a11a
2026-03-03T16:45:08.928+02:00  INFO 16720 --- [PizzaBackend] [main] com.zaxxer.hikari.HikariDataSource       : HikariPool-1 - Start completed.
2026-03-03T16:45:09.525+02:00  INFO 16720 --- [PizzaBackend] [main] o.h.e.t.j.p.i.JtaPlatformInitiator       : HHH000489: No JTA platform available (set 'hibernate.transaction.jta.platform' to enable JTA platform integration)
2026-03-03T16:45:09.563+02:00  INFO 16720 --- [PizzaBackend] [main] j.LocalContainerEntityManagerFactoryBean : Initialized JPA EntityManagerFactory for persistence unit 'default'
2026-03-03T16:45:09.614+02:00  INFO 16720 --- [PizzaBackend] [main] o.s.d.j.r.query.QueryEnhancerFactories   : Hibernate is in classpath; If applicable, HQL parser will be used.
2026-03-03T16:45:09.702+02:00 ERROR 16720 --- [PizzaBackend] [main] t.s.DeferredServletContainerInitializers : Error starting Tomcat context. Exception: org.springframework.beans.factory.UnsatisfiedDependencyException. Message: Error creating bean with name 'jwtFilter' defined in file [/Users/vadym/IdeaProjects/PizzaBackend/build/classes/java/main/org/example/pizzabackend/config/security/jwt/JwtFilter.class]: Unsatisfied dependency expressed through constructor parameter 1: Error creating bean with name 'authService' defined in file [/Users/vadym/IdeaProjects/PizzaBackend/build/classes/java/main/org/example/pizzabackend/service/AuthService.class]: Unsatisfied dependency expressed through constructor parameter 2: Error creating bean with name 'securityConfiguration' defined in file [/Users/vadym/IdeaProjects/PizzaBackend/build/classes/java/main/org/example/pizzabackend/config/security/SecurityConfiguration.class]: Unsatisfied dependency expressed through constructor parameter 0: Error creating bean with name 'jwtFilter': Requested bean is currently in creation: Is there an unresolvable circular reference or an asynchronous initialization dependency?
2026-03-03T16:45:09.714+02:00  INFO 16720 --- [PizzaBackend] [main] o.apache.catalina.core.StandardService   : Stopping service [Tomcat]
2026-03-03T16:45:09.715+02:00  WARN 16720 --- [PizzaBackend] [main] o.a.c.loader.WebappClassLoaderBase       : The web application [ROOT] appears to have started a thread named [HikariPool-1:housekeeper] but has failed to stop it. This is very likely to create a memory leak. Stack trace of thread:
 java.base/jdk.internal.misc.Unsafe.park(Native Method)
 java.base/java.util.concurrent.locks.LockSupport.parkNanos(LockSupport.java:271)
 java.base/java.util.concurrent.locks.AbstractQueuedSynchronizer$ConditionObject.awaitNanos(AbstractQueuedSynchronizer.java:1803)
 java.base/java.util.concurrent.ScheduledThreadPoolExecutor$DelayedWorkQueue.take(ScheduledThreadPoolExecutor.java:1166)
 java.base/java.util.concurrent.ScheduledThreadPoolExecutor$DelayedWorkQueue.take(ScheduledThreadPoolExecutor.java:883)
 java.base/java.util.concurrent.ThreadPoolExecutor.getTask(ThreadPoolExecutor.java:1016)
 java.base/java.util.concurrent.ThreadPoolExecutor.runWorker(ThreadPoolExecutor.java:1076)
 java.base/java.util.concurrent.ThreadPoolExecutor$Worker.run(ThreadPoolExecutor.java:614)
 java.base/java.lang.Thread.run(Thread.java:1474)
2026-03-03T16:45:09.715+02:00  WARN 16720 --- [PizzaBackend] [main] o.a.c.loader.WebappClassLoaderBase       : The web application [ROOT] appears to have started a thread named [HikariPool-1:connection-adder] but has failed to stop it. This is very likely to create a memory leak. Stack trace of thread:
 java.base/jdk.internal.misc.Unsafe.park(Native Method)
 java.base/java.util.concurrent.locks.LockSupport.parkNanos(LockSupport.java:271)
 java.base/java.util.concurrent.locks.AbstractQueuedSynchronizer$ConditionObject.awaitNanos(AbstractQueuedSynchronizer.java:1803)
 java.base/java.util.concurrent.LinkedBlockingQueue.poll(LinkedBlockingQueue.java:460)
 java.base/java.util.concurrent.ThreadPoolExecutor.getTask(ThreadPoolExecutor.java:1015)
 java.base/java.util.concurrent.ThreadPoolExecutor.runWorker(ThreadPoolExecutor.java:1076)
 java.base/java.util.concurrent.ThreadPoolExecutor$Worker.run(ThreadPoolExecutor.java:614)
 java.base/java.lang.Thread.run(Thread.java:1474)
2026-03-03T16:45:09.716+02:00  WARN 16720 --- [PizzaBackend] [main] ConfigServletWebServerApplicationContext : Exception encountered during context initialization - cancelling refresh attempt: org.springframework.context.ApplicationContextException: Unable to start web server
2026-03-03T16:45:09.716+02:00  INFO 16720 --- [PizzaBackend] [main] j.LocalContainerEntityManagerFactoryBean : Closing JPA EntityManagerFactory for persistence unit 'default'
2026-03-03T16:45:09.717+02:00  INFO 16720 --- [PizzaBackend] [main] com.zaxxer.hikari.HikariDataSource       : HikariPool-1 - Shutdown initiated...
2026-03-03T16:45:09.720+02:00  INFO 16720 --- [PizzaBackend] [main] com.zaxxer.hikari.HikariDataSource       : HikariPool-1 - Shutdown completed.
2026-03-03T16:45:09.723+02:00  INFO 16720 --- [PizzaBackend] [main] .s.b.a.l.ConditionEvaluationReportLogger : 

Error starting ApplicationContext. To display the condition evaluation report re-run your application with 'debug' enabled.
2026-03-03T16:45:09.729+02:00 ERROR 16720 --- [PizzaBackend] [main] o.s.b.d.LoggingFailureAnalysisReporter   : 

***************************
APPLICATION FAILED TO START
***************************

Description:

The dependencies of some of the beans in the application context form a cycle:

┌─────┐
|  jwtFilter defined in file [/Users/vadym/IdeaProjects/PizzaBackend/build/classes/java/main/org/example/pizzabackend/config/security/jwt/JwtFilter.class]
↑     ↓
|  authService defined in file [/Users/vadym/IdeaProjects/PizzaBackend/build/classes/java/main/org/example/pizzabackend/service/AuthService.class]
↑     ↓
|  securityConfiguration defined in file [/Users/vadym/IdeaProjects/PizzaBackend/build/classes/java/main/org/example/pizzabackend/config/security/SecurityConfiguration.class]
└─────┘


Action:

Relying upon circular references is discouraged and they are prohibited by default. Update your application to remove the dependency cycle between beans. As a last resort, it may be possible to break the cycle automatically by setting spring.main.allow-circular-references to true.

2026-03-03T16:48:37.282+02:00  INFO 16832 --- [PizzaBackend] [main] o.e.p.PizzaBackendApplication            : Starting PizzaBackendApplication using Java 25.0.1 with PID 16832 (/Users/vadym/IdeaProjects/PizzaBackend/build/classes/java/main started by vadym in /Users/vadym/IdeaProjects/PizzaBackend)
2026-03-03T16:48:37.284+02:00 DEBUG 16832 --- [PizzaBackend] [main] o.e.p.PizzaBackendApplication            : Running with Spring Boot v4.0.0, Spring v7.0.1
2026-03-03T16:48:37.284+02:00  INFO 16832 --- [PizzaBackend] [main] o.e.p.PizzaBackendApplication            : No active profile set, falling back to 1 default profile: "default"
2026-03-03T16:48:37.616+02:00  INFO 16832 --- [PizzaBackend] [main] .s.d.r.c.RepositoryConfigurationDelegate : Bootstrapping Spring Data JPA repositories in DEFAULT mode.
2026-03-03T16:48:37.644+02:00  INFO 16832 --- [PizzaBackend] [main] .s.d.r.c.RepositoryConfigurationDelegate : Finished Spring Data repository scanning in 24 ms. Found 3 JPA repository interfaces.
2026-03-03T16:48:37.912+02:00  INFO 16832 --- [PizzaBackend] [main] o.s.boot.tomcat.TomcatWebServer          : Tomcat initialized with port 8080 (http)
2026-03-03T16:48:37.921+02:00  INFO 16832 --- [PizzaBackend] [main] o.apache.catalina.core.StandardService   : Starting service [Tomcat]
2026-03-03T16:48:37.921+02:00  INFO 16832 --- [PizzaBackend] [main] o.apache.catalina.core.StandardEngine    : Starting Servlet engine: [Apache Tomcat/11.0.14]
2026-03-03T16:48:37.942+02:00  INFO 16832 --- [PizzaBackend] [main] b.w.c.s.WebApplicationContextInitializer : Root WebApplicationContext: initialization completed in 639 ms
2026-03-03T16:48:38.025+02:00  INFO 16832 --- [PizzaBackend] [main] o.hibernate.jpa.internal.util.LogHelper  : HHH000204: Processing PersistenceUnitInfo [name: default]
2026-03-03T16:48:38.059+02:00  INFO 16832 --- [PizzaBackend] [main] org.hibernate.Version                    : HHH000412: Hibernate ORM core version 7.1.8.Final
2026-03-03T16:48:38.286+02:00  INFO 16832 --- [PizzaBackend] [main] o.s.o.j.p.SpringPersistenceUnitInfo      : No LoadTimeWeaver setup: ignoring JPA class transformer
2026-03-03T16:48:38.304+02:00  INFO 16832 --- [PizzaBackend] [main] com.zaxxer.hikari.HikariDataSource       : HikariPool-1 - Starting...
2026-03-03T16:48:38.482+02:00  INFO 16832 --- [PizzaBackend] [main] com.zaxxer.hikari.pool.HikariPool        : HikariPool-1 - Added connection com.mysql.cj.jdbc.ConnectionImpl@593f7d2e
2026-03-03T16:48:38.483+02:00  INFO 16832 --- [PizzaBackend] [main] com.zaxxer.hikari.HikariDataSource       : HikariPool-1 - Start completed.
2026-03-03T16:48:39.053+02:00  INFO 16832 --- [PizzaBackend] [main] o.h.e.t.j.p.i.JtaPlatformInitiator       : HHH000489: No JTA platform available (set 'hibernate.transaction.jta.platform' to enable JTA platform integration)
2026-03-03T16:48:39.081+02:00  INFO 16832 --- [PizzaBackend] [main] j.LocalContainerEntityManagerFactoryBean : Initialized JPA EntityManagerFactory for persistence unit 'default'
2026-03-03T16:48:39.129+02:00  INFO 16832 --- [PizzaBackend] [main] o.s.d.j.r.query.QueryEnhancerFactories   : Hibernate is in classpath; If applicable, HQL parser will be used.
2026-03-03T16:48:39.259+02:00 DEBUG 16832 --- [PizzaBackend] [main] o.e.p.config.security.jwt.JwtFilter      : Filter 'jwtFilter' configured for use
2026-03-03T16:48:39.317+02:00  WARN 16832 --- [PizzaBackend] [main] JpaBaseConfiguration$JpaWebConfiguration : spring.jpa.open-in-view is enabled by default. Therefore, database queries may be performed during view rendering. Explicitly configure spring.jpa.open-in-view to disable this warning
2026-03-03T16:48:39.382+02:00  INFO 16832 --- [PizzaBackend] [main] r$InitializeUserDetailsManagerConfigurer : Global AuthenticationManager configured with UserDetailsService bean with name authService
2026-03-03T16:48:39.710+02:00  WARN 16832 --- [PizzaBackend] [main] ConfigServletWebServerApplicationContext : Exception encountered during context initialization - cancelling refresh attempt: org.springframework.context.ApplicationContextException: Failed to start bean 'webServerStartStop'
2026-03-03T16:48:39.712+02:00  INFO 16832 --- [PizzaBackend] [main] j.LocalContainerEntityManagerFactoryBean : Closing JPA EntityManagerFactory for persistence unit 'default'
2026-03-03T16:48:39.713+02:00  INFO 16832 --- [PizzaBackend] [main] com.zaxxer.hikari.HikariDataSource       : HikariPool-1 - Shutdown initiated...
2026-03-03T16:48:39.716+02:00  INFO 16832 --- [PizzaBackend] [main] com.zaxxer.hikari.HikariDataSource       : HikariPool-1 - Shutdown completed.
2026-03-03T16:48:39.720+02:00  INFO 16832 --- [PizzaBackend] [main] .s.b.a.l.ConditionEvaluationReportLogger : 

Error starting ApplicationContext. To display the condition evaluation report re-run your application with 'debug' enabled.
2026-03-03T16:48:39.726+02:00 ERROR 16832 --- [PizzaBackend] [main] o.s.b.d.LoggingFailureAnalysisReporter   : 

***************************
APPLICATION FAILED TO START
***************************

Description:

Web server failed to start. Port 8080 was already in use.

Action:

Identify and stop the process that's listening on port 8080 or configure this application to listen on another port.

2026-03-03T16:48:59.520+02:00  INFO 16857 --- [PizzaBackend] [main] o.e.p.PizzaBackendApplication            : Starting PizzaBackendApplication using Java 25.0.1 with PID 16857 (/Users/vadym/IdeaProjects/PizzaBackend/build/classes/java/main started by vadym in /Users/vadym/IdeaProjects/PizzaBackend)
2026-03-03T16:48:59.521+02:00 DEBUG 16857 --- [PizzaBackend] [main] o.e.p.PizzaBackendApplication            : Running with Spring Boot v4.0.0, Spring v7.0.1
2026-03-03T16:48:59.521+02:00  INFO 16857 --- [PizzaBackend] [main] o.e.p.PizzaBackendApplication            : No active profile set, falling back to 1 default profile: "default"
2026-03-03T16:48:59.878+02:00  INFO 16857 --- [PizzaBackend] [main] .s.d.r.c.RepositoryConfigurationDelegate : Bootstrapping Spring Data JPA repositories in DEFAULT mode.
2026-03-03T16:48:59.910+02:00  INFO 16857 --- [PizzaBackend] [main] .s.d.r.c.RepositoryConfigurationDelegate : Finished Spring Data repository scanning in 27 ms. Found 3 JPA repository interfaces.
2026-03-03T16:49:00.196+02:00  INFO 16857 --- [PizzaBackend] [main] o.s.boot.tomcat.TomcatWebServer          : Tomcat initialized with port 8080 (http)
2026-03-03T16:49:00.204+02:00  INFO 16857 --- [PizzaBackend] [main] o.apache.catalina.core.StandardService   : Starting service [Tomcat]
2026-03-03T16:49:00.204+02:00  INFO 16857 --- [PizzaBackend] [main] o.apache.catalina.core.StandardEngine    : Starting Servlet engine: [Apache Tomcat/11.0.14]
2026-03-03T16:49:00.223+02:00  INFO 16857 --- [PizzaBackend] [main] b.w.c.s.WebApplicationContextInitializer : Root WebApplicationContext: initialization completed in 681 ms
2026-03-03T16:49:00.297+02:00  INFO 16857 --- [PizzaBackend] [main] o.hibernate.jpa.internal.util.LogHelper  : HHH000204: Processing PersistenceUnitInfo [name: default]
2026-03-03T16:49:00.325+02:00  INFO 16857 --- [PizzaBackend] [main] org.hibernate.Version                    : HHH000412: Hibernate ORM core version 7.1.8.Final
2026-03-03T16:49:00.554+02:00  INFO 16857 --- [PizzaBackend] [main] o.s.o.j.p.SpringPersistenceUnitInfo      : No LoadTimeWeaver setup: ignoring JPA class transformer
2026-03-03T16:49:00.577+02:00  INFO 16857 --- [PizzaBackend] [main] com.zaxxer.hikari.HikariDataSource       : HikariPool-1 - Starting...
2026-03-03T16:49:00.761+02:00  INFO 16857 --- [PizzaBackend] [main] com.zaxxer.hikari.pool.HikariPool        : HikariPool-1 - Added connection com.mysql.cj.jdbc.ConnectionImpl@3ad558bf
2026-03-03T16:49:00.762+02:00  INFO 16857 --- [PizzaBackend] [main] com.zaxxer.hikari.HikariDataSource       : HikariPool-1 - Start completed.
2026-03-03T16:49:01.360+02:00  INFO 16857 --- [PizzaBackend] [main] o.h.e.t.j.p.i.JtaPlatformInitiator       : HHH000489: No JTA platform available (set 'hibernate.transaction.jta.platform' to enable JTA platform integration)
2026-03-03T16:49:01.399+02:00  INFO 16857 --- [PizzaBackend] [main] j.LocalContainerEntityManagerFactoryBean : Initialized JPA EntityManagerFactory for persistence unit 'default'
2026-03-03T16:49:01.452+02:00  INFO 16857 --- [PizzaBackend] [main] o.s.d.j.r.query.QueryEnhancerFactories   : Hibernate is in classpath; If applicable, HQL parser will be used.
2026-03-03T16:49:01.573+02:00 DEBUG 16857 --- [PizzaBackend] [main] o.e.p.config.security.jwt.JwtFilter      : Filter 'jwtFilter' configured for use
2026-03-03T16:49:01.631+02:00  WARN 16857 --- [PizzaBackend] [main] JpaBaseConfiguration$JpaWebConfiguration : spring.jpa.open-in-view is enabled by default. Therefore, database queries may be performed during view rendering. Explicitly configure spring.jpa.open-in-view to disable this warning
2026-03-03T16:49:01.700+02:00  INFO 16857 --- [PizzaBackend] [main] r$InitializeUserDetailsManagerConfigurer : Global AuthenticationManager configured with UserDetailsService bean with name authService
2026-03-03T16:49:02.028+02:00  INFO 16857 --- [PizzaBackend] [main] o.s.boot.tomcat.TomcatWebServer          : Tomcat started on port 8080 (http) with context path '/'
2026-03-03T16:49:02.032+02:00  INFO 16857 --- [PizzaBackend] [main] o.e.p.PizzaBackendApplication            : Started PizzaBackendApplication in 2.704 seconds (process running for 3.031)
